app/build/intermediates/manifest_merge_blame_file/debug/manifest-merger-blame-debug-report.txt
1<?xml version="1.0" encoding="utf-8"?>
2<manifest xmlns:android="http://schemas.android.com/apk/res/android"
3    package="eu.tutorials.SnapWorkout"
4    android:versionCode="1"
5    android:versionName="1.0" >
6
7    <uses-sdk
8        android:minSdkVersion="21"
8-->src\main\AndroidManifest.xml
9        android:targetSdkVersion="33" />
9-->src\main\AndroidManifest.xml
10
11    <uses-permission android:name="android.permission.INTERNET" />
11-->src\main\AndroidManifest.xml:4:5-67
11-->src\main\AndroidManifest.xml:4:22-64
12    <uses-permission android:name="android.permission.ACCESS_NETWORK_STATE" />
12-->src\main\AndroidManifest.xml:5:5-79
12-->src\main\AndroidManifest.xml:5:22-76
13    <uses-permission android:name="android.permission.ACCESS_FINE_LOCATION" />
13-->src\main\AndroidManifest.xml:6:5-79
13-->src\main\AndroidManifest.xml:6:22-76
14    <uses-permission android:name="android.permission.ACCESS_COARSE_LOCATION" />
14-->src\main\AndroidManifest.xml:7:5-81
14-->src\main\AndroidManifest.xml:7:22-78
15
16    <queries>
16-->src\main\AndroidManifest.xml:8:5-12:15
17        <intent>
17-->src\main\AndroidManifest.xml:9:9-11:18
18            <action android:name="android.intent.action.TTS_SERVICE" />
18-->src\main\AndroidManifest.xml:10:13-72
18-->src\main\AndroidManifest.xml:10:21-69
19        </intent>
20        <!-- Needs to be explicitly declared on Android R+ -->
21        <package android:name="com.google.android.apps.maps" />
21-->[com.google.android.gms:play-services-maps:19.0.0] AndroidManifest.xml:33:9-64
21-->[com.google.android.gms:play-services-maps:19.0.0] AndroidManifest.xml:33:18-61
22    </queries>
23
24    <uses-feature
24-->[com.google.android.gms:play-services-maps:19.0.0] AndroidManifest.xml:26:5-28:35
25        android:glEsVersion="0x00020000"
25-->[com.google.android.gms:play-services-maps:19.0.0] AndroidManifest.xml:27:9-41
26        android:required="true" />
26-->[com.google.android.gms:play-services-maps:19.0.0] AndroidManifest.xml:28:9-32
27
28    <permission
28-->[androidx.core:core:1.10.1] AndroidManifest.xml:22:5-24:47
29        android:name="eu.tutorials.SnapWorkout.DYNAMIC_RECEIVER_NOT_EXPORTED_PERMISSION"
29-->[androidx.core:core:1.10.1] AndroidManifest.xml:23:9-81
30        android:protectionLevel="signature" />
30-->[androidx.core:core:1.10.1] AndroidManifest.xml:24:9-44
31
32    <uses-permission android:name="eu.tutorials.SnapWorkout.DYNAMIC_RECEIVER_NOT_EXPORTED_PERMISSION" />
32-->[androidx.core:core:1.10.1] AndroidManifest.xml:26:5-97
32-->[androidx.core:core:1.10.1] AndroidManifest.xml:26:22-94
33
34    <application
34-->src\main\AndroidManifest.xml:14:5-64:19
35        android:name="com.example.SnapWorkout.WorkOutApp"
35-->src\main\AndroidManifest.xml:15:9-58
36        android:allowBackup="true"
36-->src\main\AndroidManifest.xml:16:9-35
37        android:appComponentFactory="androidx.core.app.CoreComponentFactory"
37-->[androidx.core:core:1.10.1] AndroidManifest.xml:28:18-86
38        android:debuggable="true"
39        android:icon="@mipmap/ic_launcher"
39-->src\main\AndroidManifest.xml:17:9-43
40        android:label="@string/app_name"
40-->src\main\AndroidManifest.xml:18:9-41
41        android:roundIcon="@mipmap/ic_launcher_round"
41-->src\main\AndroidManifest.xml:19:9-54
42        android:supportsRtl="true"
42-->src\main\AndroidManifest.xml:20:9-35
43        android:testOnly="true"
44        android:theme="@style/Theme.SnapWorkout" >
44-->src\main\AndroidManifest.xml:21:9-49
45        <meta-data
45-->src\main\AndroidManifest.xml:22:9-24:47
46            android:name="com.google.android.geo.API_KEY"
46-->src\main\AndroidManifest.xml:23:13-58
47            android:value="@string/api_key" />
47-->src\main\AndroidManifest.xml:24:13-44
48
49        <activity
49-->src\main\AndroidManifest.xml:25:9-30:15
50            android:name="com.example.SnapWorkout.activities.HistoryActivity"
50-->src\main\AndroidManifest.xml:26:13-78
51            android:exported="true"
51-->src\main\AndroidManifest.xml:27:13-36
52            android:screenOrientation="portrait"
52-->src\main\AndroidManifest.xml:28:13-49
53            android:theme="@style/Theme.1SnapWorkout" />
53-->src\main\AndroidManifest.xml:29:13-54
54        <activity
54-->src\main\AndroidManifest.xml:31:9-35:57
55            android:name="com.example.SnapWorkout.activities.BMIActivity"
55-->src\main\AndroidManifest.xml:32:13-74
56            android:exported="true"
56-->src\main\AndroidManifest.xml:33:13-36
57            android:screenOrientation="portrait"
57-->src\main\AndroidManifest.xml:34:13-49
58            android:theme="@style/Theme.1SnapWorkout" />
58-->src\main\AndroidManifest.xml:35:13-54
59        <activity
59-->src\main\AndroidManifest.xml:36:9-40:57
60            android:name="com.example.SnapWorkout.activities.FinishActivity"
60-->src\main\AndroidManifest.xml:37:13-77
61            android:exported="true"
61-->src\main\AndroidManifest.xml:38:13-36
62            android:screenOrientation="portrait"
62-->src\main\AndroidManifest.xml:39:13-49
63            android:theme="@style/Theme.1SnapWorkout" />
63-->src\main\AndroidManifest.xml:40:13-54
64        <activity
64-->src\main\AndroidManifest.xml:41:9-45:57
65            android:name="com.example.SnapWorkout.activities.ExerciseActivity"
65-->src\main\AndroidManifest.xml:42:13-79
66            android:exported="true"
66-->src\main\AndroidManifest.xml:43:13-36
67            android:screenOrientation="portrait"
67-->src\main\AndroidManifest.xml:44:13-49
68            android:theme="@style/Theme.1SnapWorkout" />
68-->src\main\AndroidManifest.xml:45:13-54
69        <activity
69-->src\main\AndroidManifest.xml:46:9-50:57
70            android:name="com.example.SnapWorkout.activities.MapsActivity"
70-->src\main\AndroidManifest.xml:47:13-75
71            android:exported="true"
71-->src\main\AndroidManifest.xml:48:13-36
72            android:screenOrientation="portrait"
72-->src\main\AndroidManifest.xml:49:13-49
73            android:theme="@style/Theme.1SnapWorkout" />
73-->src\main\AndroidManifest.xml:50:13-54
74        <activity
74-->src\main\AndroidManifest.xml:51:9-62:20
75            android:name="com.example.SnapWorkout.activities.MainActivity"
75-->src\main\AndroidManifest.xml:52:13-75
76            android:exported="true"
76-->src\main\AndroidManifest.xml:53:13-36
77            android:screenOrientation="portrait"
77-->src\main\AndroidManifest.xml:54:13-49
78            android:theme="@style/Theme.1SnapWorkout" >
78-->src\main\AndroidManifest.xml:55:13-54
79            <intent-filter>
79-->src\main\AndroidManifest.xml:57:13-61:29
80                <action android:name="android.intent.action.MAIN" />
80-->src\main\AndroidManifest.xml:58:17-69
80-->src\main\AndroidManifest.xml:58:25-66
81
82                <category android:name="android.intent.category.LAUNCHER" />
82-->src\main\AndroidManifest.xml:60:17-77
82-->src\main\AndroidManifest.xml:60:27-74
83            </intent-filter>
84        </activity>
85
86        <service
86-->[androidx.room:room-runtime:2.5.2] AndroidManifest.xml:24:9-28:63
87            android:name="androidx.room.MultiInstanceInvalidationService"
87-->[androidx.room:room-runtime:2.5.2] AndroidManifest.xml:25:13-74
88            android:directBootAware="true"
88-->[androidx.room:room-runtime:2.5.2] AndroidManifest.xml:26:13-43
89            android:exported="false" /> <!-- Needs to be explicitly declared on P+ -->
89-->[androidx.room:room-runtime:2.5.2] AndroidManifest.xml:27:13-37
90        <uses-library
90-->[com.google.android.gms:play-services-maps:19.0.0] AndroidManifest.xml:39:9-41:40
91            android:name="org.apache.http.legacy"
91-->[com.google.android.gms:play-services-maps:19.0.0] AndroidManifest.xml:40:13-50
92            android:required="false" />
92-->[com.google.android.gms:play-services-maps:19.0.0] AndroidManifest.xml:41:13-37
93
94        <activity
94-->[com.google.android.gms:play-services-base:18.5.0] AndroidManifest.xml:5:9-173
95            android:name="com.google.android.gms.common.api.GoogleApiActivity"
95-->[com.google.android.gms:play-services-base:18.5.0] AndroidManifest.xml:5:19-85
96            android:exported="false"
96-->[com.google.android.gms:play-services-base:18.5.0] AndroidManifest.xml:5:146-170
97            android:theme="@android:style/Theme.Translucent.NoTitleBar" />
97-->[com.google.android.gms:play-services-base:18.5.0] AndroidManifest.xml:5:86-145
98
99        <meta-data
99-->[com.google.android.gms:play-services-basement:18.4.0] AndroidManifest.xml:6:9-122
100            android:name="com.google.android.gms.version"
100-->[com.google.android.gms:play-services-basement:18.4.0] AndroidManifest.xml:6:20-65
101            android:value="@integer/google_play_services_version" />
101-->[com.google.android.gms:play-services-basement:18.4.0] AndroidManifest.xml:6:66-119
102
103        <provider
103-->[androidx.emoji2:emoji2:1.2.0] AndroidManifest.xml:24:9-32:20
104            android:name="androidx.startup.InitializationProvider"
104-->[androidx.emoji2:emoji2:1.2.0] AndroidManifest.xml:25:13-67
105            android:authorities="eu.tutorials.SnapWorkout.androidx-startup"
105-->[androidx.emoji2:emoji2:1.2.0] AndroidManifest.xml:26:13-68
106            android:exported="false" >
106-->[androidx.emoji2:emoji2:1.2.0] AndroidManifest.xml:27:13-37
107            <meta-data
107-->[androidx.emoji2:emoji2:1.2.0] AndroidManifest.xml:29:13-31:52
108                android:name="androidx.emoji2.text.EmojiCompatInitializer"
108-->[androidx.emoji2:emoji2:1.2.0] AndroidManifest.xml:30:17-75
109                android:value="androidx.startup" />
109-->[androidx.emoji2:emoji2:1.2.0] AndroidManifest.xml:31:17-49
110            <meta-data
110-->[androidx.lifecycle:lifecycle-process:2.6.1] AndroidManifest.xml:29:13-31:52
111                android:name="androidx.lifecycle.ProcessLifecycleInitializer"
111-->[androidx.lifecycle:lifecycle-process:2.6.1] AndroidManifest.xml:30:17-78
112                android:value="androidx.startup" />
112-->[androidx.lifecycle:lifecycle-process:2.6.1] AndroidManifest.xml:31:17-49
113            <meta-data
113-->[androidx.profileinstaller:profileinstaller:1.3.0] AndroidManifest.xml:29:13-31:52
114                android:name="androidx.profileinstaller.ProfileInstallerInitializer"
114-->[androidx.profileinstaller:profileinstaller:1.3.0] AndroidManifest.xml:30:17-85
115                android:value="androidx.startup" />
115-->[androidx.profileinstaller:profileinstaller:1.3.0] AndroidManifest.xml:31:17-49
116        </provider>
117
118        <receiver
118-->[androidx.profileinstaller:profileinstaller:1.3.0] AndroidManifest.xml:34:9-52:20
119            android:name="androidx.profileinstaller.ProfileInstallReceiver"
119-->[androidx.profileinstaller:profileinstaller:1.3.0] AndroidManifest.xml:35:13-76
120            android:directBootAware="false"
120-->[androidx.profileinstaller:profileinstaller:1.3.0] AndroidManifest.xml:36:13-44
121            android:enabled="true"
121-->[androidx.profileinstaller:profileinstaller:1.3.0] AndroidManifest.xml:37:13-35
122            android:exported="true"
122-->[androidx.profileinstaller:profileinstaller:1.3.0] AndroidManifest.xml:38:13-36
123            android:permission="android.permission.DUMP" >
123-->[androidx.profileinstaller:profileinstaller:1.3.0] AndroidManifest.xml:39:13-57
124            <intent-filter>
124-->[androidx.profileinstaller:profileinstaller:1.3.0] AndroidManifest.xml:40:13-42:29
125                <action android:name="androidx.profileinstaller.action.INSTALL_PROFILE" />
125-->[androidx.profileinstaller:profileinstaller:1.3.0] AndroidManifest.xml:41:17-91
125-->[androidx.profileinstaller:profileinstaller:1.3.0] AndroidManifest.xml:41:25-88
126            </intent-filter>
127            <intent-filter>
127-->[androidx.profileinstaller:profileinstaller:1.3.0] AndroidManifest.xml:43:13-45:29
128                <action android:name="androidx.profileinstaller.action.SKIP_FILE" />
128-->[androidx.profileinstaller:profileinstaller:1.3.0] AndroidManifest.xml:44:17-85
128-->[androidx.profileinstaller:profileinstaller:1.3.0] AndroidManifest.xml:44:25-82
129            </intent-filter>
130            <intent-filter>
130-->[androidx.profileinstaller:profileinstaller:1.3.0] AndroidManifest.xml:46:13-48:29
131                <action android:name="androidx.profileinstaller.action.SAVE_PROFILE" />
131-->[androidx.profileinstaller:profileinstaller:1.3.0] AndroidManifest.xml:47:17-88
131-->[androidx.profileinstaller:profileinstaller:1.3.0] AndroidManifest.xml:47:25-85
132            </intent-filter>
133            <intent-filter>
133-->[androidx.profileinstaller:profileinstaller:1.3.0] AndroidManifest.xml:49:13-51:29
134                <action android:name="androidx.profileinstaller.action.BENCHMARK_OPERATION" />
134-->[androidx.profileinstaller:profileinstaller:1.3.0] AndroidManifest.xml:50:17-95
134-->[androidx.profileinstaller:profileinstaller:1.3.0] AndroidManifest.xml:50:25-92
135            </intent-filter>
136        </receiver>
137    </application>
138
139</manifest>